<?xml version="1.0" encoding="UTF-8"?>
<testsuite xmlns:xsi="http://www.w3.org/2001/XMLSchema-instance" xsi:noNamespaceSchemaLocation="https://maven.apache.org/surefire/maven-surefire-plugin/xsd/surefire-test-report-3.0.xsd" version="3.0" name="TestSuite" time="8.256" tests="1" errors="0" skipped="0" failures="0">
  <properties>
[...]
</properties>
  <testcase name="testHappyFlow" classname="test.java.HappyFlowTestNGTest" time="6.596">
    <system-out><![CDATA[[TestNG] [WARN] Ignoring duplicate listener : org.uncommons.reportng.HTMLReporter
[TestNG] [WARN] Ignoring duplicate listener : org.uncommons.reportng.JUnitXMLReporter
Selected item: Test.allTheThings() T-Shirt (Red)
Screenshot taken for method: user_adds_an_item_to_the_cart
Screenshot saved to: /Users/seifelmosalamy/My Mac/Yassir-Task-SeifElmosalamy/BBDO Task/target/screenshots/user_adds_an_item_to_the_cart.png
Screenshot taken for method: user_goes_to_checkout
Screenshot saved to: /Users/seifelmosalamy/My Mac/Yassir-Task-SeifElmosalamy/BBDO Task/target/screenshots/user_goes_to_checkout.png
Item in cart: Test.allTheThings() T-Shirt (Red)
Screenshot taken for method: user_entered_his_info
Screenshot saved to: /Users/seifelmosalamy/My Mac/Yassir-Task-SeifElmosalamy/BBDO Task/target/screenshots/user_entered_his_info.png
Screenshot taken for method: checkout_page_is_displayed
Screenshot saved to: /Users/seifelmosalamy/My Mac/Yassir-Task-SeifElmosalamy/BBDO Task/target/screenshots/checkout_page_is_displayed.png
Screenshot taken for method: Finished checkout
Screenshot saved to: /Users/seifelmosalamy/My Mac/Yassir-Task-SeifElmosalamy/BBDO Task/target/screenshots/Finished checkout.png
]]></system-out>
    <system-err><![CDATA[SLF4J(W): No SLF4J providers were found.
SLF4J(W): Defaulting to no-operation (NOP) logger implementation
SLF4J(W): See https://www.slf4j.org/codes.html#noProviders for further details.
Aug 06, 2025 2:14:13 AM org.openqa.selenium.devtools.CdpVersionFinder findNearestMatch
WARNING: Unable to find CDP implementation matching 138
Aug 06, 2025 2:14:13 AM org.openqa.selenium.chromium.ChromiumDriver lambda$new$5
WARNING: Unable to find version of CDP to use for 138.0.7204.184. You may need to include a dependency on a specific version of the CDP using something similar to `org.seleniumhq.selenium:selenium-devtools-v86:4.19.1` where the version ("v86") matches the version of the chromium-based browser you're using and the version number of the artifact is the same as Selenium's.
]]></system-err>
  </testcase>
</testsuite>